Analysis & Synthesis report for Ver2
Mon Feb 12 20:42:03 2018
Quartus Prime Version 17.1.1 Internal Build 593 12/11/2017 SJ Lite Edition


---------------------
; Table of Contents ;
---------------------
  1. Legal Notice
  2. Analysis & Synthesis Summary
  3. Analysis & Synthesis Settings
  4. Parallel Compilation
  5. Analysis & Synthesis Source Files Read
  6. Analysis & Synthesis Resource Usage Summary
  7. Analysis & Synthesis Resource Utilization by Entity
  8. Registers Removed During Synthesis
  9. General Register Statistics
 10. Post-Synthesis Netlist Statistics for Top Partition
 11. Elapsed Time Per Partition
 12. Analysis & Synthesis Messages



----------------
; Legal Notice ;
----------------
Copyright (C) 2017  Intel Corporation. All rights reserved.
Your use of Intel Corporation's design tools, logic functions 
and other software and tools, and its AMPP partner logic 
functions, and any output files from any of the foregoing 
(including device programming or simulation files), and any 
associated documentation or information are expressly subject 
to the terms and conditions of the Intel Program License 
Subscription Agreement, the Intel Quartus Prime License Agreement,
the Intel FPGA IP License Agreement, or other applicable license
agreement, including, without limitation, that your use is for
the sole purpose of programming logic devices manufactured by
Intel and sold by Intel or its authorized distributors.  Please
refer to the applicable agreement for further details.



+-------------------------------------------------------------------------------------------+
; Analysis & Synthesis Summary                                                              ;
+------------------------------------+------------------------------------------------------+
; Analysis & Synthesis Status        ; Successful - Mon Feb 12 20:42:03 2018                ;
; Quartus Prime Version              ; 17.1.1 Internal Build 593 12/11/2017 SJ Lite Edition ;
; Revision Name                      ; Ver2                                                 ;
; Top-level Entity Name              ; wb_cpu_mem                                           ;
; Family                             ; Cyclone IV E                                         ;
; Total logic elements               ; 14                                                   ;
;     Total combinational functions  ; 4                                                    ;
;     Dedicated logic registers      ; 12                                                   ;
; Total registers                    ; 12                                                   ;
; Total pins                         ; 42                                                   ;
; Total virtual pins                 ; 0                                                    ;
; Total memory bits                  ; 0                                                    ;
; Embedded Multiplier 9-bit elements ; 0                                                    ;
; Total PLLs                         ; 0                                                    ;
+------------------------------------+------------------------------------------------------+


+----------------------------------------------------------------------------------------------------------------------+
; Analysis & Synthesis Settings                                                                                        ;
+----------------------------------------------------------------------------+--------------------+--------------------+
; Option                                                                     ; Setting            ; Default Value      ;
+----------------------------------------------------------------------------+--------------------+--------------------+
; Device                                                                     ; EP4CE115F29C7      ;                    ;
; Top-level entity name                                                      ; wb_cpu_mem         ; Ver2               ;
; Family name                                                                ; Cyclone IV E       ; Stratix II         ;
; Maximum processors allowed for parallel compilation                        ; All                ; 1                  ;
; Use smart compilation                                                      ; Off                ; Off                ;
; Enable parallel Assembler and TimeQuest Timing Analyzer during compilation ; On                 ; On                 ;
; Enable compact report table                                                ; Off                ; Off                ;
; Restructure Multiplexers                                                   ; Auto               ; Auto               ;
; Create Debugging Nodes for IP Cores                                        ; Off                ; Off                ;
; Preserve fewer node names                                                  ; On                 ; On                 ;
; Intel FPGA IP Evaluation Mode                                              ; Enable             ; Enable             ;
; Verilog Version                                                            ; Verilog_2001       ; Verilog_2001       ;
; VHDL Version                                                               ; VHDL_1993          ; VHDL_1993          ;
; State Machine Processing                                                   ; Auto               ; Auto               ;
; Safe State Machine                                                         ; Off                ; Off                ;
; Extract Verilog State Machines                                             ; On                 ; On                 ;
; Extract VHDL State Machines                                                ; On                 ; On                 ;
; Ignore Verilog initial constructs                                          ; Off                ; Off                ;
; Iteration limit for constant Verilog loops                                 ; 5000               ; 5000               ;
; Iteration limit for non-constant Verilog loops                             ; 250                ; 250                ;
; Add Pass-Through Logic to Inferred RAMs                                    ; On                 ; On                 ;
; Infer RAMs from Raw Logic                                                  ; On                 ; On                 ;
; Parallel Synthesis                                                         ; On                 ; On                 ;
; DSP Block Balancing                                                        ; Auto               ; Auto               ;
; NOT Gate Push-Back                                                         ; On                 ; On                 ;
; Power-Up Don't Care                                                        ; On                 ; On                 ;
; Remove Redundant Logic Cells                                               ; Off                ; Off                ;
; Remove Duplicate Registers                                                 ; On                 ; On                 ;
; Ignore CARRY Buffers                                                       ; Off                ; Off                ;
; Ignore CASCADE Buffers                                                     ; Off                ; Off                ;
; Ignore GLOBAL Buffers                                                      ; Off                ; Off                ;
; Ignore ROW GLOBAL Buffers                                                  ; Off                ; Off                ;
; Ignore LCELL Buffers                                                       ; Off                ; Off                ;
; Ignore SOFT Buffers                                                        ; On                 ; On                 ;
; Limit AHDL Integers to 32 Bits                                             ; Off                ; Off                ;
; Optimization Technique                                                     ; Balanced           ; Balanced           ;
; Carry Chain Length                                                         ; 70                 ; 70                 ;
; Auto Carry Chains                                                          ; On                 ; On                 ;
; Auto Open-Drain Pins                                                       ; On                 ; On                 ;
; Perform WYSIWYG Primitive Resynthesis                                      ; Off                ; Off                ;
; Auto ROM Replacement                                                       ; On                 ; On                 ;
; Auto RAM Replacement                                                       ; On                 ; On                 ;
; Auto DSP Block Replacement                                                 ; On                 ; On                 ;
; Auto Shift Register Replacement                                            ; Auto               ; Auto               ;
; Allow Shift Register Merging across Hierarchies                            ; Auto               ; Auto               ;
; Auto Clock Enable Replacement                                              ; On                 ; On                 ;
; Strict RAM Replacement                                                     ; Off                ; Off                ;
; Allow Synchronous Control Signals                                          ; On                 ; On                 ;
; Force Use of Synchronous Clear Signals                                     ; Off                ; Off                ;
; Auto RAM Block Balancing                                                   ; On                 ; On                 ;
; Auto RAM to Logic Cell Conversion                                          ; Off                ; Off                ;
; Auto Resource Sharing                                                      ; Off                ; Off                ;
; Allow Any RAM Size For Recognition                                         ; Off                ; Off                ;
; Allow Any ROM Size For Recognition                                         ; Off                ; Off                ;
; Allow Any Shift Register Size For Recognition                              ; Off                ; Off                ;
; Use LogicLock Constraints during Resource Balancing                        ; On                 ; On                 ;
; Ignore translate_off and synthesis_off directives                          ; Off                ; Off                ;
; Timing-Driven Synthesis                                                    ; On                 ; On                 ;
; Report Parameter Settings                                                  ; On                 ; On                 ;
; Report Source Assignments                                                  ; On                 ; On                 ;
; Report Connectivity Checks                                                 ; On                 ; On                 ;
; Ignore Maximum Fan-Out Assignments                                         ; Off                ; Off                ;
; Synchronization Register Chain Length                                      ; 2                  ; 2                  ;
; Power Optimization During Synthesis                                        ; Normal compilation ; Normal compilation ;
; HDL message level                                                          ; Level2             ; Level2             ;
; Suppress Register Optimization Related Messages                            ; Off                ; Off                ;
; Number of Removed Registers Reported in Synthesis Report                   ; 100                ; 100                ;
; Number of Swept Nodes Reported in Synthesis Report                         ; 5000               ; 5000               ;
; Number of Inverted Registers Reported in Synthesis Report                  ; 100                ; 100                ;
; Clock MUX Protection                                                       ; On                 ; On                 ;
; Auto Gated Clock Conversion                                                ; Off                ; Off                ;
; Block Design Naming                                                        ; Auto               ; Auto               ;
; SDC constraint protection                                                  ; Off                ; Off                ;
; Synthesis Effort                                                           ; Auto               ; Auto               ;
; Shift Register Replacement - Allow Asynchronous Clear Signal               ; On                 ; On                 ;
; Pre-Mapping Resynthesis Optimization                                       ; Off                ; Off                ;
; Analysis & Synthesis Message Level                                         ; Medium             ; Medium             ;
; Disable Register Merging Across Hierarchies                                ; Auto               ; Auto               ;
; Resource Aware Inference For Block RAM                                     ; On                 ; On                 ;
+----------------------------------------------------------------------------+--------------------+--------------------+


+------------------------------------------+
; Parallel Compilation                     ;
+----------------------------+-------------+
; Processors                 ; Number      ;
+----------------------------+-------------+
; Number detected on machine ; 12          ;
; Maximum allowed            ; 6           ;
;                            ;             ;
; Average used               ; 1.00        ;
; Maximum used               ; 1           ;
;                            ;             ;
; Usage by Processor         ; % Time Used ;
;     Processor 1            ; 100.0%      ;
+----------------------------+-------------+


+------------------------------------------------------------------------------------------------------------------------------------------------+
; Analysis & Synthesis Source Files Read                                                                                                         ;
+----------------------------------+-----------------+-----------------+---------------------------------------------------------------+---------+
; File Name with User-Entered Path ; Used in Netlist ; File Type       ; File Name with Absolute Path                                  ; Library ;
+----------------------------------+-----------------+-----------------+---------------------------------------------------------------+---------+
; wb_cpu_package.vhd               ; yes             ; User VHDL File  ; C:/Users/stens/Documents/NTNU/TFE4205/Lab5/wb_cpu_package.vhd ;         ;
; wb_cpu_mem.vhd                   ; yes             ; User VHDL File  ; C:/Users/stens/Documents/NTNU/TFE4205/Lab5/wb_cpu_mem.vhd     ;         ;
+----------------------------------+-----------------+-----------------+---------------------------------------------------------------+---------+


+--------------------------------------------------------------+
; Analysis & Synthesis Resource Usage Summary                  ;
+---------------------------------------------+----------------+
; Resource                                    ; Usage          ;
+---------------------------------------------+----------------+
; Estimated Total logic elements              ; 14             ;
;                                             ;                ;
; Total combinational functions               ; 4              ;
; Logic element usage by number of LUT inputs ;                ;
;     -- 4 input functions                    ; 2              ;
;     -- 3 input functions                    ; 0              ;
;     -- <=2 input functions                  ; 2              ;
;                                             ;                ;
; Logic elements by mode                      ;                ;
;     -- normal mode                          ; 4              ;
;     -- arithmetic mode                      ; 0              ;
;                                             ;                ;
; Total registers                             ; 12             ;
;     -- Dedicated logic registers            ; 12             ;
;     -- I/O registers                        ; 0              ;
;                                             ;                ;
; I/O pins                                    ; 42             ;
;                                             ;                ;
; Embedded Multiplier 9-bit elements          ; 0              ;
;                                             ;                ;
; Maximum fan-out node                        ; core_clk~input ;
; Maximum fan-out                             ; 12             ;
; Total fan-out                               ; 102            ;
; Average fan-out                             ; 1.02           ;
+---------------------------------------------+----------------+


+----------------------------------------------------------------------------------------------------------------------------------------------------------------------------------------------------------+
; Analysis & Synthesis Resource Utilization by Entity                                                                                                                                                      ;
+----------------------------+---------------------+---------------------------+-------------+--------------+---------+-----------+------+--------------+---------------------+-------------+--------------+
; Compilation Hierarchy Node ; Combinational ALUTs ; Dedicated Logic Registers ; Memory Bits ; DSP Elements ; DSP 9x9 ; DSP 18x18 ; Pins ; Virtual Pins ; Full Hierarchy Name ; Entity Name ; Library Name ;
+----------------------------+---------------------+---------------------------+-------------+--------------+---------+-----------+------+--------------+---------------------+-------------+--------------+
; |wb_cpu_mem                ; 4 (4)               ; 12 (12)                   ; 0           ; 0            ; 0       ; 0         ; 42   ; 0            ; |wb_cpu_mem         ; wb_cpu_mem  ; work         ;
+----------------------------+---------------------+---------------------------+-------------+--------------+---------+-----------+------+--------------+---------------------+-------------+--------------+
Note: For table entries with two numbers listed, the numbers in parentheses indicate the number of resources of the given type used by the specific entity alone. The numbers listed outside of parentheses indicate the total resources of the given type used by the specific entity and all of its sub-entities in the hierarchy.


+---------------------------------------------------------------------------------+
; Registers Removed During Synthesis                                              ;
+----------------------------------------+----------------------------------------+
; Register name                          ; Reason for Removal                     ;
+----------------------------------------+----------------------------------------+
; instruction[31]~reg0                   ; Stuck at GND due to stuck port data_in ;
; instruction[27]~reg0                   ; Stuck at GND due to stuck port data_in ;
; instruction[26]~reg0                   ; Stuck at GND due to stuck port data_in ;
; instruction[25]~reg0                   ; Stuck at GND due to stuck port data_in ;
; instruction[24]~reg0                   ; Stuck at GND due to stuck port data_in ;
; instruction[23]~reg0                   ; Stuck at GND due to stuck port data_in ;
; instruction[22]~reg0                   ; Stuck at GND due to stuck port data_in ;
; instruction[21]~reg0                   ; Stuck at GND due to stuck port data_in ;
; instruction[20]~reg0                   ; Stuck at GND due to stuck port data_in ;
; instruction[11]~reg0                   ; Stuck at GND due to stuck port data_in ;
; instruction[10]~reg0                   ; Stuck at GND due to stuck port data_in ;
; instruction[9]~reg0                    ; Stuck at GND due to stuck port data_in ;
; instruction[7]~reg0                    ; Stuck at GND due to stuck port data_in ;
; instruction[6]~reg0                    ; Stuck at GND due to stuck port data_in ;
; instruction[5]~reg0                    ; Stuck at GND due to stuck port data_in ;
; instruction[4]~reg0                    ; Stuck at GND due to stuck port data_in ;
; instruction[3]~reg0                    ; Stuck at GND due to stuck port data_in ;
; instruction[2]~reg0                    ; Stuck at GND due to stuck port data_in ;
; instruction[1]~reg0                    ; Stuck at GND due to stuck port data_in ;
; instruction[0]~reg0                    ; Stuck at GND due to stuck port data_in ;
; Total Number of Removed Registers = 20 ;                                        ;
+----------------------------------------+----------------------------------------+


+------------------------------------------------------+
; General Register Statistics                          ;
+----------------------------------------------+-------+
; Statistic                                    ; Value ;
+----------------------------------------------+-------+
; Total registers                              ; 12    ;
; Number of registers using Synchronous Clear  ; 0     ;
; Number of registers using Synchronous Load   ; 0     ;
; Number of registers using Asynchronous Clear ; 0     ;
; Number of registers using Asynchronous Load  ; 0     ;
; Number of registers using Clock Enable       ; 12    ;
; Number of registers using Preset             ; 0     ;
+----------------------------------------------+-------+


+-----------------------------------------------------+
; Post-Synthesis Netlist Statistics for Top Partition ;
+-----------------------+-----------------------------+
; Type                  ; Count                       ;
+-----------------------+-----------------------------+
; boundary_port         ; 42                          ;
; cycloneiii_ff         ; 12                          ;
;     ENA               ; 12                          ;
; cycloneiii_lcell_comb ; 5                           ;
;     normal            ; 5                           ;
;         0 data inputs ; 1                           ;
;         2 data inputs ; 2                           ;
;         4 data inputs ; 2                           ;
;                       ;                             ;
; Max LUT depth         ; 3.00                        ;
; Average LUT depth     ; 1.15                        ;
+-----------------------+-----------------------------+


+-------------------------------+
; Elapsed Time Per Partition    ;
+----------------+--------------+
; Partition Name ; Elapsed Time ;
+----------------+--------------+
; Top            ; 00:00:00     ;
+----------------+--------------+


+-------------------------------+
; Analysis & Synthesis Messages ;
+-------------------------------+
Info: *******************************************************************
Info: Running Quartus Prime Analysis & Synthesis
    Info: Version 17.1.1 Internal Build 593 12/11/2017 SJ Lite Edition
    Info: Processing started: Mon Feb 12 20:41:55 2018
Info: Command: quartus_map --read_settings_files=on --write_settings_files=off Lab5 -c Ver2
Info (20030): Parallel compilation is enabled and will use 6 of the 6 processors detected
Info (12021): Found 2 design units, including 1 entities, in source file debounce.vhd
    Info (12022): Found design unit 1: DeBounce-behav File: C:/Users/stens/Documents/NTNU/TFE4205/Lab5/debounce.vhd Line: 13
    Info (12023): Found entity 1: DeBounce File: C:/Users/stens/Documents/NTNU/TFE4205/Lab5/debounce.vhd Line: 5
Info (12021): Found 1 design units, including 1 entities, in source file lab5.bdf
    Info (12023): Found entity 1: Lab5
Info (12021): Found 1 design units, including 1 entities, in source file wb_processor.bdf
    Info (12023): Found entity 1: wb_processor
Info (12021): Found 1 design units, including 0 entities, in source file wb_cpu_package.vhd
    Info (12022): Found design unit 1: wb_cpu_package File: C:/Users/stens/Documents/NTNU/TFE4205/Lab5/wb_cpu_package.vhd Line: 22
Info (12021): Found 2 design units, including 1 entities, in source file wb_cpu_regfile.vhd
    Info (12022): Found design unit 1: wb_cpu_regfile-regfile_arch File: C:/Users/stens/Documents/NTNU/TFE4205/Lab5/wb_cpu_regfile.vhd Line: 54
    Info (12023): Found entity 1: wb_cpu_regfile File: C:/Users/stens/Documents/NTNU/TFE4205/Lab5/wb_cpu_regfile.vhd Line: 24
Info (12021): Found 2 design units, including 1 entities, in source file wb_cpu_alu.vhd
    Info (12022): Found design unit 1: wb_cpu_alu-alu_arch File: C:/Users/stens/Documents/NTNU/TFE4205/Lab5/wb_cpu_alu.vhd Line: 39
    Info (12023): Found entity 1: wb_cpu_alu File: C:/Users/stens/Documents/NTNU/TFE4205/Lab5/wb_cpu_alu.vhd Line: 24
Info (12021): Found 2 design units, including 1 entities, in source file wb_cpu_control.vhd
    Info (12022): Found design unit 1: wb_cpu_control-control_arch File: C:/Users/stens/Documents/NTNU/TFE4205/Lab5/wb_cpu_control.vhd Line: 43
    Info (12023): Found entity 1: wb_cpu_control File: C:/Users/stens/Documents/NTNU/TFE4205/Lab5/wb_cpu_control.vhd Line: 23
Info (12021): Found 2 design units, including 1 entities, in source file wb_cpu_io.vhd
    Info (12022): Found design unit 1: wb_cpu_io-io_arch File: C:/Users/stens/Documents/NTNU/TFE4205/Lab5/wb_cpu_io.vhd Line: 49
    Info (12023): Found entity 1: wb_cpu_io File: C:/Users/stens/Documents/NTNU/TFE4205/Lab5/wb_cpu_io.vhd Line: 21
Info (12021): Found 2 design units, including 1 entities, in source file wb_cpu_mem.vhd
    Info (12022): Found design unit 1: wb_cpu_mem-mem_arch File: C:/Users/stens/Documents/NTNU/TFE4205/Lab5/wb_cpu_mem.vhd Line: 40
    Info (12023): Found entity 1: wb_cpu_mem File: C:/Users/stens/Documents/NTNU/TFE4205/Lab5/wb_cpu_mem.vhd Line: 26
Info (12021): Found 2 design units, including 1 entities, in source file wb_cpu_programcounter.vhd
    Info (12022): Found design unit 1: wb_cpu_programcounter-programcounter_arch File: C:/Users/stens/Documents/NTNU/TFE4205/Lab5/wb_cpu_programcounter.vhd Line: 39
    Info (12023): Found entity 1: wb_cpu_programcounter File: C:/Users/stens/Documents/NTNU/TFE4205/Lab5/wb_cpu_programcounter.vhd Line: 22
Info (12021): Found 2 design units, including 1 entities, in source file mul_fsm.vhd
    Info (12022): Found design unit 1: mul_fsm-fsm_arch File: C:/Users/stens/Documents/NTNU/TFE4205/Lab5/mul_fsm.vhd Line: 52
    Info (12023): Found entity 1: mul_fsm File: C:/Users/stens/Documents/NTNU/TFE4205/Lab5/mul_fsm.vhd Line: 27
Info (12021): Found 2 design units, including 1 entities, in source file wb_hexto7segall.vhd
    Info (12022): Found design unit 1: wb_hexTo7segAll-behavior File: C:/Users/stens/Documents/NTNU/TFE4205/Lab5/wb_hexTo7segAll.vhd Line: 20
    Info (12023): Found entity 1: wb_hexTo7segAll File: C:/Users/stens/Documents/NTNU/TFE4205/Lab5/wb_hexTo7segAll.vhd Line: 4
Info (12021): Found 2 design units, including 1 entities, in source file wb_hexto7segone.vhd
    Info (12022): Found design unit 1: wb_hexTo7segOne-behavior File: C:/Users/stens/Documents/NTNU/TFE4205/Lab5/wb_hexTo7segOne.vhd Line: 17
    Info (12023): Found entity 1: wb_hexTo7segOne File: C:/Users/stens/Documents/NTNU/TFE4205/Lab5/wb_hexTo7segOne.vhd Line: 4
Info (12127): Elaborating entity "wb_cpu_mem" for the top level hierarchy
Warning (10631): VHDL Process Statement warning at wb_cpu_mem.vhd(53): inferring latch(es) for signal or variable "mem_storage", which holds its previous value in one or more paths through the process File: C:/Users/stens/Documents/NTNU/TFE4205/Lab5/wb_cpu_mem.vhd Line: 53
Info (10041): Inferred latch for "mem_storage[1][0]" at wb_cpu_mem.vhd(53) File: C:/Users/stens/Documents/NTNU/TFE4205/Lab5/wb_cpu_mem.vhd Line: 53
Info (10041): Inferred latch for "mem_storage[1][1]" at wb_cpu_mem.vhd(53) File: C:/Users/stens/Documents/NTNU/TFE4205/Lab5/wb_cpu_mem.vhd Line: 53
Info (10041): Inferred latch for "mem_storage[1][2]" at wb_cpu_mem.vhd(53) File: C:/Users/stens/Documents/NTNU/TFE4205/Lab5/wb_cpu_mem.vhd Line: 53
Info (10041): Inferred latch for "mem_storage[1][3]" at wb_cpu_mem.vhd(53) File: C:/Users/stens/Documents/NTNU/TFE4205/Lab5/wb_cpu_mem.vhd Line: 53
Info (10041): Inferred latch for "mem_storage[1][4]" at wb_cpu_mem.vhd(53) File: C:/Users/stens/Documents/NTNU/TFE4205/Lab5/wb_cpu_mem.vhd Line: 53
Info (10041): Inferred latch for "mem_storage[1][5]" at wb_cpu_mem.vhd(53) File: C:/Users/stens/Documents/NTNU/TFE4205/Lab5/wb_cpu_mem.vhd Line: 53
Info (10041): Inferred latch for "mem_storage[1][6]" at wb_cpu_mem.vhd(53) File: C:/Users/stens/Documents/NTNU/TFE4205/Lab5/wb_cpu_mem.vhd Line: 53
Info (10041): Inferred latch for "mem_storage[1][7]" at wb_cpu_mem.vhd(53) File: C:/Users/stens/Documents/NTNU/TFE4205/Lab5/wb_cpu_mem.vhd Line: 53
Info (10041): Inferred latch for "mem_storage[1][8]" at wb_cpu_mem.vhd(53) File: C:/Users/stens/Documents/NTNU/TFE4205/Lab5/wb_cpu_mem.vhd Line: 53
Info (10041): Inferred latch for "mem_storage[1][9]" at wb_cpu_mem.vhd(53) File: C:/Users/stens/Documents/NTNU/TFE4205/Lab5/wb_cpu_mem.vhd Line: 53
Info (10041): Inferred latch for "mem_storage[1][10]" at wb_cpu_mem.vhd(53) File: C:/Users/stens/Documents/NTNU/TFE4205/Lab5/wb_cpu_mem.vhd Line: 53
Info (10041): Inferred latch for "mem_storage[1][11]" at wb_cpu_mem.vhd(53) File: C:/Users/stens/Documents/NTNU/TFE4205/Lab5/wb_cpu_mem.vhd Line: 53
Info (10041): Inferred latch for "mem_storage[1][12]" at wb_cpu_mem.vhd(53) File: C:/Users/stens/Documents/NTNU/TFE4205/Lab5/wb_cpu_mem.vhd Line: 53
Info (10041): Inferred latch for "mem_storage[1][13]" at wb_cpu_mem.vhd(53) File: C:/Users/stens/Documents/NTNU/TFE4205/Lab5/wb_cpu_mem.vhd Line: 53
Info (10041): Inferred latch for "mem_storage[1][14]" at wb_cpu_mem.vhd(53) File: C:/Users/stens/Documents/NTNU/TFE4205/Lab5/wb_cpu_mem.vhd Line: 53
Info (10041): Inferred latch for "mem_storage[1][15]" at wb_cpu_mem.vhd(53) File: C:/Users/stens/Documents/NTNU/TFE4205/Lab5/wb_cpu_mem.vhd Line: 53
Info (10041): Inferred latch for "mem_storage[1][16]" at wb_cpu_mem.vhd(53) File: C:/Users/stens/Documents/NTNU/TFE4205/Lab5/wb_cpu_mem.vhd Line: 53
Info (10041): Inferred latch for "mem_storage[1][17]" at wb_cpu_mem.vhd(53) File: C:/Users/stens/Documents/NTNU/TFE4205/Lab5/wb_cpu_mem.vhd Line: 53
Info (10041): Inferred latch for "mem_storage[1][18]" at wb_cpu_mem.vhd(53) File: C:/Users/stens/Documents/NTNU/TFE4205/Lab5/wb_cpu_mem.vhd Line: 53
Info (10041): Inferred latch for "mem_storage[1][19]" at wb_cpu_mem.vhd(53) File: C:/Users/stens/Documents/NTNU/TFE4205/Lab5/wb_cpu_mem.vhd Line: 53
Info (10041): Inferred latch for "mem_storage[1][20]" at wb_cpu_mem.vhd(53) File: C:/Users/stens/Documents/NTNU/TFE4205/Lab5/wb_cpu_mem.vhd Line: 53
Info (10041): Inferred latch for "mem_storage[1][21]" at wb_cpu_mem.vhd(53) File: C:/Users/stens/Documents/NTNU/TFE4205/Lab5/wb_cpu_mem.vhd Line: 53
Info (10041): Inferred latch for "mem_storage[1][22]" at wb_cpu_mem.vhd(53) File: C:/Users/stens/Documents/NTNU/TFE4205/Lab5/wb_cpu_mem.vhd Line: 53
Info (10041): Inferred latch for "mem_storage[1][23]" at wb_cpu_mem.vhd(53) File: C:/Users/stens/Documents/NTNU/TFE4205/Lab5/wb_cpu_mem.vhd Line: 53
Info (10041): Inferred latch for "mem_storage[1][24]" at wb_cpu_mem.vhd(53) File: C:/Users/stens/Documents/NTNU/TFE4205/Lab5/wb_cpu_mem.vhd Line: 53
Info (10041): Inferred latch for "mem_storage[1][25]" at wb_cpu_mem.vhd(53) File: C:/Users/stens/Documents/NTNU/TFE4205/Lab5/wb_cpu_mem.vhd Line: 53
Info (10041): Inferred latch for "mem_storage[1][26]" at wb_cpu_mem.vhd(53) File: C:/Users/stens/Documents/NTNU/TFE4205/Lab5/wb_cpu_mem.vhd Line: 53
Info (10041): Inferred latch for "mem_storage[1][27]" at wb_cpu_mem.vhd(53) File: C:/Users/stens/Documents/NTNU/TFE4205/Lab5/wb_cpu_mem.vhd Line: 53
Info (10041): Inferred latch for "mem_storage[1][28]" at wb_cpu_mem.vhd(53) File: C:/Users/stens/Documents/NTNU/TFE4205/Lab5/wb_cpu_mem.vhd Line: 53
Info (10041): Inferred latch for "mem_storage[1][29]" at wb_cpu_mem.vhd(53) File: C:/Users/stens/Documents/NTNU/TFE4205/Lab5/wb_cpu_mem.vhd Line: 53
Info (10041): Inferred latch for "mem_storage[1][30]" at wb_cpu_mem.vhd(53) File: C:/Users/stens/Documents/NTNU/TFE4205/Lab5/wb_cpu_mem.vhd Line: 53
Info (10041): Inferred latch for "mem_storage[1][31]" at wb_cpu_mem.vhd(53) File: C:/Users/stens/Documents/NTNU/TFE4205/Lab5/wb_cpu_mem.vhd Line: 53
Info (10041): Inferred latch for "mem_storage[0][0]" at wb_cpu_mem.vhd(53) File: C:/Users/stens/Documents/NTNU/TFE4205/Lab5/wb_cpu_mem.vhd Line: 53
Info (10041): Inferred latch for "mem_storage[0][1]" at wb_cpu_mem.vhd(53) File: C:/Users/stens/Documents/NTNU/TFE4205/Lab5/wb_cpu_mem.vhd Line: 53
Info (10041): Inferred latch for "mem_storage[0][2]" at wb_cpu_mem.vhd(53) File: C:/Users/stens/Documents/NTNU/TFE4205/Lab5/wb_cpu_mem.vhd Line: 53
Info (10041): Inferred latch for "mem_storage[0][3]" at wb_cpu_mem.vhd(53) File: C:/Users/stens/Documents/NTNU/TFE4205/Lab5/wb_cpu_mem.vhd Line: 53
Info (10041): Inferred latch for "mem_storage[0][4]" at wb_cpu_mem.vhd(53) File: C:/Users/stens/Documents/NTNU/TFE4205/Lab5/wb_cpu_mem.vhd Line: 53
Info (10041): Inferred latch for "mem_storage[0][5]" at wb_cpu_mem.vhd(53) File: C:/Users/stens/Documents/NTNU/TFE4205/Lab5/wb_cpu_mem.vhd Line: 53
Info (10041): Inferred latch for "mem_storage[0][6]" at wb_cpu_mem.vhd(53) File: C:/Users/stens/Documents/NTNU/TFE4205/Lab5/wb_cpu_mem.vhd Line: 53
Info (10041): Inferred latch for "mem_storage[0][7]" at wb_cpu_mem.vhd(53) File: C:/Users/stens/Documents/NTNU/TFE4205/Lab5/wb_cpu_mem.vhd Line: 53
Info (10041): Inferred latch for "mem_storage[0][8]" at wb_cpu_mem.vhd(53) File: C:/Users/stens/Documents/NTNU/TFE4205/Lab5/wb_cpu_mem.vhd Line: 53
Info (10041): Inferred latch for "mem_storage[0][9]" at wb_cpu_mem.vhd(53) File: C:/Users/stens/Documents/NTNU/TFE4205/Lab5/wb_cpu_mem.vhd Line: 53
Info (10041): Inferred latch for "mem_storage[0][10]" at wb_cpu_mem.vhd(53) File: C:/Users/stens/Documents/NTNU/TFE4205/Lab5/wb_cpu_mem.vhd Line: 53
Info (10041): Inferred latch for "mem_storage[0][11]" at wb_cpu_mem.vhd(53) File: C:/Users/stens/Documents/NTNU/TFE4205/Lab5/wb_cpu_mem.vhd Line: 53
Info (10041): Inferred latch for "mem_storage[0][12]" at wb_cpu_mem.vhd(53) File: C:/Users/stens/Documents/NTNU/TFE4205/Lab5/wb_cpu_mem.vhd Line: 53
Info (10041): Inferred latch for "mem_storage[0][13]" at wb_cpu_mem.vhd(53) File: C:/Users/stens/Documents/NTNU/TFE4205/Lab5/wb_cpu_mem.vhd Line: 53
Info (10041): Inferred latch for "mem_storage[0][14]" at wb_cpu_mem.vhd(53) File: C:/Users/stens/Documents/NTNU/TFE4205/Lab5/wb_cpu_mem.vhd Line: 53
Info (10041): Inferred latch for "mem_storage[0][15]" at wb_cpu_mem.vhd(53) File: C:/Users/stens/Documents/NTNU/TFE4205/Lab5/wb_cpu_mem.vhd Line: 53
Info (10041): Inferred latch for "mem_storage[0][16]" at wb_cpu_mem.vhd(53) File: C:/Users/stens/Documents/NTNU/TFE4205/Lab5/wb_cpu_mem.vhd Line: 53
Info (10041): Inferred latch for "mem_storage[0][17]" at wb_cpu_mem.vhd(53) File: C:/Users/stens/Documents/NTNU/TFE4205/Lab5/wb_cpu_mem.vhd Line: 53
Info (10041): Inferred latch for "mem_storage[0][18]" at wb_cpu_mem.vhd(53) File: C:/Users/stens/Documents/NTNU/TFE4205/Lab5/wb_cpu_mem.vhd Line: 53
Info (10041): Inferred latch for "mem_storage[0][19]" at wb_cpu_mem.vhd(53) File: C:/Users/stens/Documents/NTNU/TFE4205/Lab5/wb_cpu_mem.vhd Line: 53
Info (10041): Inferred latch for "mem_storage[0][20]" at wb_cpu_mem.vhd(53) File: C:/Users/stens/Documents/NTNU/TFE4205/Lab5/wb_cpu_mem.vhd Line: 53
Info (10041): Inferred latch for "mem_storage[0][21]" at wb_cpu_mem.vhd(53) File: C:/Users/stens/Documents/NTNU/TFE4205/Lab5/wb_cpu_mem.vhd Line: 53
Info (10041): Inferred latch for "mem_storage[0][22]" at wb_cpu_mem.vhd(53) File: C:/Users/stens/Documents/NTNU/TFE4205/Lab5/wb_cpu_mem.vhd Line: 53
Info (10041): Inferred latch for "mem_storage[0][23]" at wb_cpu_mem.vhd(53) File: C:/Users/stens/Documents/NTNU/TFE4205/Lab5/wb_cpu_mem.vhd Line: 53
Info (10041): Inferred latch for "mem_storage[0][24]" at wb_cpu_mem.vhd(53) File: C:/Users/stens/Documents/NTNU/TFE4205/Lab5/wb_cpu_mem.vhd Line: 53
Info (10041): Inferred latch for "mem_storage[0][25]" at wb_cpu_mem.vhd(53) File: C:/Users/stens/Documents/NTNU/TFE4205/Lab5/wb_cpu_mem.vhd Line: 53
Info (10041): Inferred latch for "mem_storage[0][26]" at wb_cpu_mem.vhd(53) File: C:/Users/stens/Documents/NTNU/TFE4205/Lab5/wb_cpu_mem.vhd Line: 53
Info (10041): Inferred latch for "mem_storage[0][27]" at wb_cpu_mem.vhd(53) File: C:/Users/stens/Documents/NTNU/TFE4205/Lab5/wb_cpu_mem.vhd Line: 53
Info (10041): Inferred latch for "mem_storage[0][28]" at wb_cpu_mem.vhd(53) File: C:/Users/stens/Documents/NTNU/TFE4205/Lab5/wb_cpu_mem.vhd Line: 53
Info (10041): Inferred latch for "mem_storage[0][29]" at wb_cpu_mem.vhd(53) File: C:/Users/stens/Documents/NTNU/TFE4205/Lab5/wb_cpu_mem.vhd Line: 53
Info (10041): Inferred latch for "mem_storage[0][30]" at wb_cpu_mem.vhd(53) File: C:/Users/stens/Documents/NTNU/TFE4205/Lab5/wb_cpu_mem.vhd Line: 53
Info (10041): Inferred latch for "mem_storage[0][31]" at wb_cpu_mem.vhd(53) File: C:/Users/stens/Documents/NTNU/TFE4205/Lab5/wb_cpu_mem.vhd Line: 53
Warning (13024): Output pins are stuck at VCC or GND
    Warning (13410): Pin "instruction[0]" is stuck at GND File: C:/Users/stens/Documents/NTNU/TFE4205/Lab5/wb_cpu_mem.vhd Line: 56
    Warning (13410): Pin "instruction[1]" is stuck at GND File: C:/Users/stens/Documents/NTNU/TFE4205/Lab5/wb_cpu_mem.vhd Line: 56
    Warning (13410): Pin "instruction[2]" is stuck at GND File: C:/Users/stens/Documents/NTNU/TFE4205/Lab5/wb_cpu_mem.vhd Line: 56
    Warning (13410): Pin "instruction[3]" is stuck at GND File: C:/Users/stens/Documents/NTNU/TFE4205/Lab5/wb_cpu_mem.vhd Line: 56
    Warning (13410): Pin "instruction[4]" is stuck at GND File: C:/Users/stens/Documents/NTNU/TFE4205/Lab5/wb_cpu_mem.vhd Line: 56
    Warning (13410): Pin "instruction[5]" is stuck at GND File: C:/Users/stens/Documents/NTNU/TFE4205/Lab5/wb_cpu_mem.vhd Line: 56
    Warning (13410): Pin "instruction[6]" is stuck at GND File: C:/Users/stens/Documents/NTNU/TFE4205/Lab5/wb_cpu_mem.vhd Line: 56
    Warning (13410): Pin "instruction[7]" is stuck at GND File: C:/Users/stens/Documents/NTNU/TFE4205/Lab5/wb_cpu_mem.vhd Line: 56
    Warning (13410): Pin "instruction[9]" is stuck at GND File: C:/Users/stens/Documents/NTNU/TFE4205/Lab5/wb_cpu_mem.vhd Line: 56
    Warning (13410): Pin "instruction[10]" is stuck at GND File: C:/Users/stens/Documents/NTNU/TFE4205/Lab5/wb_cpu_mem.vhd Line: 56
    Warning (13410): Pin "instruction[11]" is stuck at GND File: C:/Users/stens/Documents/NTNU/TFE4205/Lab5/wb_cpu_mem.vhd Line: 56
    Warning (13410): Pin "instruction[20]" is stuck at GND File: C:/Users/stens/Documents/NTNU/TFE4205/Lab5/wb_cpu_mem.vhd Line: 56
    Warning (13410): Pin "instruction[21]" is stuck at GND File: C:/Users/stens/Documents/NTNU/TFE4205/Lab5/wb_cpu_mem.vhd Line: 56
    Warning (13410): Pin "instruction[22]" is stuck at GND File: C:/Users/stens/Documents/NTNU/TFE4205/Lab5/wb_cpu_mem.vhd Line: 56
    Warning (13410): Pin "instruction[23]" is stuck at GND File: C:/Users/stens/Documents/NTNU/TFE4205/Lab5/wb_cpu_mem.vhd Line: 56
    Warning (13410): Pin "instruction[24]" is stuck at GND File: C:/Users/stens/Documents/NTNU/TFE4205/Lab5/wb_cpu_mem.vhd Line: 56
    Warning (13410): Pin "instruction[25]" is stuck at GND File: C:/Users/stens/Documents/NTNU/TFE4205/Lab5/wb_cpu_mem.vhd Line: 56
    Warning (13410): Pin "instruction[26]" is stuck at GND File: C:/Users/stens/Documents/NTNU/TFE4205/Lab5/wb_cpu_mem.vhd Line: 56
    Warning (13410): Pin "instruction[27]" is stuck at GND File: C:/Users/stens/Documents/NTNU/TFE4205/Lab5/wb_cpu_mem.vhd Line: 56
    Warning (13410): Pin "instruction[31]" is stuck at GND File: C:/Users/stens/Documents/NTNU/TFE4205/Lab5/wb_cpu_mem.vhd Line: 56
Info (286030): Timing-Driven Synthesis is running
Info (16010): Generating hard_block partition "hard_block:auto_generated_inst"
    Info (16011): Adding 0 node(s), including 0 DDIO, 0 PLL, 0 transceiver and 0 LCELL
Info (21057): Implemented 57 device resources after synthesis - the final resource count might be different
    Info (21058): Implemented 10 input pins
    Info (21059): Implemented 32 output pins
    Info (21061): Implemented 15 logic cells
Info: Quartus Prime Analysis & Synthesis was successful. 0 errors, 23 warnings
    Info: Peak virtual memory: 719 megabytes
    Info: Processing ended: Mon Feb 12 20:42:03 2018
    Info: Elapsed time: 00:00:08
    Info: Total CPU time (on all processors): 00:00:17


