Flow report for Ver2
Wed Nov 06 16:01:39 2013
Quartus II 64-Bit Version 9.1 Build 350 03/24/2010 Service Pack 2 SJ Full Version


---------------------
; Table of Contents ;
---------------------
  1. Legal Notice
  2. Flow Summary
  3. Flow Settings
  4. Flow Non-Default Global Settings
  5. Flow Elapsed Time
  6. Flow OS Summary
  7. Flow Log



----------------
; Legal Notice ;
----------------
Copyright (C) 1991-2010 Altera Corporation
Your use of Altera Corporation's design tools, logic functions 
and other software and tools, and its AMPP partner logic 
functions, and any output files from any of the foregoing 
(including device programming or simulation files), and any 
associated documentation or information are expressly subject 
to the terms and conditions of the Altera Program License 
Subscription Agreement, Altera MegaCore Function License 
Agreement, or other applicable license agreement, including, 
without limitation, that your use is for the sole purpose of 
programming logic devices manufactured by Altera and sold by 
Altera or its authorized distributors.  Please refer to the 
applicable agreement for further details.



+------------------------------------------------------------------------------------+
; Flow Summary                                                                       ;
+------------------------------------+-----------------------------------------------+
; Flow Status                        ; Successful - Wed Nov 06 16:01:39 2013         ;
; Quartus II 64-Bit Version          ; 9.1 Build 350 03/24/2010 SP 2 SJ Full Version ;
; Revision Name                      ; Ver2                                          ;
; Top-level Entity Name              ; Lab5                                          ;
; Family                             ; Cyclone II                                    ;
; Device                             ; EP2C35F672C6                                  ;
; Timing Models                      ; Final                                         ;
; Met timing requirements            ; No                                            ;
; Total logic elements               ; 3,468 / 33,216 ( 10 % )                       ;
;     Total combinational functions  ; 3,242 / 33,216 ( 10 % )                       ;
;     Dedicated logic registers      ; 1,865 / 33,216 ( 6 % )                        ;
; Total registers                    ; 1865                                          ;
; Total pins                         ; 128 / 475 ( 27 % )                            ;
; Total virtual pins                 ; 0                                             ;
; Total memory bits                  ; 358,336 / 483,840 ( 74 % )                    ;
; Embedded Multiplier 9-bit elements ; 6 / 70 ( 9 % )                                ;
; Total PLLs                         ; 1 / 4 ( 25 % )                                ;
+------------------------------------+-----------------------------------------------+


+-----------------------------------------+
; Flow Settings                           ;
+-------------------+---------------------+
; Option            ; Setting             ;
+-------------------+---------------------+
; Start date & time ; 11/06/2013 16:00:29 ;
; Main task         ; Compilation         ;
; Revision Name     ; Ver2                ;
+-------------------+---------------------+


+----------------------------------------------------------------------------------------------------------------------------------+
; Flow Non-Default Global Settings                                                                                                 ;
+------------------------------------+---------------------------------+--------------------------------+-------------+------------+
; Assignment Name                    ; Value                           ; Default Value                  ; Entity Name ; Section Id ;
+------------------------------------+---------------------------------+--------------------------------+-------------+------------+
; COMPILER_SIGNATURE_ID              ; 119170000617083.138375002904008 ; --                             ; --          ; --         ;
; OPTIMIZE_HOLD_TIMING               ; All Paths                       ; IO Paths and Minimum TPD Paths ; --          ; --         ;
; PARTITION_COLOR                    ; 2147039                         ; --                             ; Lab5        ; Top        ;
; PARTITION_NETLIST_TYPE             ; SOURCE                          ; --                             ; Lab5        ; Top        ;
; TOP_LEVEL_ENTITY                   ; Lab5                            ; Ver2                           ; --          ; --         ;
; USE_GENERATED_PHYSICAL_CONSTRAINTS ; Off                             ; --                             ; --          ; eda_palace ;
+------------------------------------+---------------------------------+--------------------------------+-------------+------------+


+-----------------------------------------------------------------------------------------------------------------------------+
; Flow Elapsed Time                                                                                                           ;
+-------------------------+--------------+-------------------------+---------------------+------------------------------------+
; Module Name             ; Elapsed Time ; Average Processors Used ; Peak Virtual Memory ; Total CPU Time (on all processors) ;
+-------------------------+--------------+-------------------------+---------------------+------------------------------------+
; Analysis & Synthesis    ; 00:00:30     ; 1.0                     ; 412 MB              ; 00:00:26                           ;
; Fitter                  ; 00:00:27     ; 1.0                     ; 392 MB              ; 00:00:27                           ;
; Assembler               ; 00:00:03     ; 1.0                     ; 324 MB              ; 00:00:02                           ;
; Classic Timing Analyzer ; 00:00:02     ; 1.0                     ; 261 MB              ; 00:00:02                           ;
; Total                   ; 00:01:02     ; --                      ; --                  ; 00:00:57                           ;
+-------------------------+--------------+-------------------------+---------------------+------------------------------------+


+------------------------------------------------------------------------------------------+
; Flow OS Summary                                                                          ;
+-------------------------+------------------+---------------+------------+----------------+
; Module Name             ; Machine Hostname ; OS Name       ; OS Version ; Processor type ;
+-------------------------+------------------+---------------+------------+----------------+
; Analysis & Synthesis    ; HR3-ELLAB-P17    ; Windows Vista ; 6.1        ; x86_64         ;
; Fitter                  ; HR3-ELLAB-P17    ; Windows Vista ; 6.1        ; x86_64         ;
; Assembler               ; HR3-ELLAB-P17    ; Windows Vista ; 6.1        ; x86_64         ;
; Classic Timing Analyzer ; HR3-ELLAB-P17    ; Windows Vista ; 6.1        ; x86_64         ;
+-------------------------+------------------+---------------+------------+----------------+


------------
; Flow Log ;
------------
quartus_map --read_settings_files=on --write_settings_files=off Lab5 -c Ver2
quartus_fit --read_settings_files=off --write_settings_files=off Lab5 -c Ver2
quartus_asm --read_settings_files=off --write_settings_files=off Lab5 -c Ver2
quartus_tan --read_settings_files=off --write_settings_files=off Lab5 -c Ver2 --timing_analysis_only



