Flow report for Ver2
Mon Mar 12 11:51:50 2018
Quartus Prime Version 17.1.1 Internal Build 593 12/11/2017 SJ Lite Edition


---------------------
; Table of Contents ;
---------------------
  1. Legal Notice
  2. Flow Summary
  3. Flow Settings
  4. Flow Non-Default Global Settings
  5. Flow Elapsed Time
  6. Flow OS Summary
  7. Flow Log
  8. Flow Messages
  9. Flow Suppressed Messages



----------------
; Legal Notice ;
----------------
Copyright (C) 2017  Intel Corporation. All rights reserved.
Your use of Intel Corporation's design tools, logic functions 
and other software and tools, and its AMPP partner logic 
functions, and any output files from any of the foregoing 
(including device programming or simulation files), and any 
associated documentation or information are expressly subject 
to the terms and conditions of the Intel Program License 
Subscription Agreement, the Intel Quartus Prime License Agreement,
the Intel FPGA IP License Agreement, or other applicable license
agreement, including, without limitation, that your use is for
the sole purpose of programming logic devices manufactured by
Intel and sold by Intel or its authorized distributors.  Please
refer to the applicable agreement for further details.



+-------------------------------------------------------------------------------------------+
; Flow Summary                                                                              ;
+------------------------------------+------------------------------------------------------+
; Flow Status                        ; Successful - Mon Mar 12 11:51:42 2018                ;
; Quartus Prime Version              ; 17.1.1 Internal Build 593 12/11/2017 SJ Lite Edition ;
; Revision Name                      ; Ver2                                                 ;
; Top-level Entity Name              ; Lab7                                                 ;
; Family                             ; Cyclone IV E                                         ;
; Device                             ; EP4CE115F29C7                                        ;
; Timing Models                      ; Final                                                ;
; Total logic elements               ; 7,523 / 114,480 ( 7 % )                              ;
;     Total combinational functions  ; 6,841 / 114,480 ( 6 % )                              ;
;     Dedicated logic registers      ; 4,071 / 114,480 ( 4 % )                              ;
; Total registers                    ; 4071                                                 ;
; Total pins                         ; 128 / 529 ( 24 % )                                   ;
; Total virtual pins                 ; 0                                                    ;
; Total memory bits                  ; 2,065,536 / 3,981,312 ( 52 % )                       ;
; Embedded Multiplier 9-bit elements ; 12 / 532 ( 2 % )                                     ;
; Total PLLs                         ; 1 / 4 ( 25 % )                                       ;
+------------------------------------+------------------------------------------------------+


+-----------------------------------------+
; Flow Settings                           ;
+-------------------+---------------------+
; Option            ; Setting             ;
+-------------------+---------------------+
; Start date & time ; 03/12/2018 11:49:16 ;
; Main task         ; Compilation         ;
; Revision Name     ; Ver2                ;
+-------------------+---------------------+


+--------------------------------------------------------------------------------------------------------------------------------------------------+
; Flow Non-Default Global Settings                                                                                                                 ;
+-------------------------------------+----------------------------------------------------------------+---------------+--------------+------------+
; Assignment Name                     ; Value                                                          ; Default Value ; Entity Name  ; Section Id ;
+-------------------------------------+----------------------------------------------------------------+---------------+--------------+------------+
; COMPILER_SIGNATURE_ID               ; 157221603133.152085175611836                                   ; --            ; --           ; --         ;
; MAX_CORE_JUNCTION_TEMP              ; 85                                                             ; --            ; --           ; --         ;
; MIN_CORE_JUNCTION_TEMP              ; 0                                                              ; --            ; --           ; --         ;
; MISC_FILE                           ; DE2_115_SOPC/synthesis/../DE2_115_SOPC.cmp                     ; --            ; --           ; --         ;
; MISC_FILE                           ; DE2_115_SOPC/synthesis/../../DE2_115_SOPC.qsys                 ; --            ; --           ; --         ;
; PARTITION_COLOR                     ; -- (Not supported for targeted family)                         ; --            ; Lab7         ; Top        ;
; PARTITION_FITTER_PRESERVATION_LEVEL ; -- (Not supported for targeted family)                         ; --            ; Lab7         ; Top        ;
; PARTITION_NETLIST_TYPE              ; -- (Not supported for targeted family)                         ; --            ; Lab7         ; Top        ;
; POWER_BOARD_THERMAL_MODEL           ; None (CONSERVATIVE)                                            ; --            ; --           ; --         ;
; POWER_PRESET_COOLING_SOLUTION       ; 23 MM HEAT SINK WITH 200 LFPM AIRFLOW                          ; --            ; --           ; --         ;
; SLD_FILE                            ; DE2_115_SOPC/synthesis/DE2_115_SOPC.regmap                     ; --            ; --           ; --         ;
; SLD_FILE                            ; DE2_115_SOPC/synthesis/DE2_115_SOPC.debuginfo                  ; --            ; --           ; --         ;
; SLD_INFO                            ; QSYS_NAME DE2_115_SOPC HAS_SOPCINFO 1 GENERATION_ID 1520851689 ; --            ; DE2_115_SOPC ; --         ;
; SOPCINFO_FILE                       ; DE2_115_SOPC/synthesis/../../DE2_115_SOPC.sopcinfo             ; --            ; --           ; --         ;
; SYNTHESIS_ONLY_QIP                  ; On                                                             ; --            ; --           ; --         ;
; TOP_LEVEL_ENTITY                    ; Lab7                                                           ; Ver2          ; --           ; --         ;
; USE_GENERATED_PHYSICAL_CONSTRAINTS  ; Off                                                            ; --            ; --           ; eda_palace ;
+-------------------------------------+----------------------------------------------------------------+---------------+--------------+------------+


+-------------------------------------------------------------------------------------------------------------------------------+
; Flow Elapsed Time                                                                                                             ;
+---------------------------+--------------+-------------------------+---------------------+------------------------------------+
; Module Name               ; Elapsed Time ; Average Processors Used ; Peak Virtual Memory ; Total CPU Time (on all processors) ;
+---------------------------+--------------+-------------------------+---------------------+------------------------------------+
; Analysis & Synthesis      ; 00:01:21     ; 1.0                     ; 997 MB              ; 00:01:42                           ;
; Fitter                    ; 00:00:48     ; 1.0                     ; 1427 MB             ; 00:00:50                           ;
; Assembler                 ; 00:00:05     ; 1.0                     ; 662 MB              ; 00:00:05                           ;
; TimeQuest Timing Analyzer ; 00:00:07     ; 1.0                     ; 847 MB              ; 00:00:06                           ;
; Total                     ; 00:02:21     ; --                      ; --                  ; 00:02:43                           ;
+---------------------------+--------------+-------------------------+---------------------+------------------------------------+


+-----------------------------------------------------------------------------------------+
; Flow OS Summary                                                                         ;
+---------------------------+------------------+------------+------------+----------------+
; Module Name               ; Machine Hostname ; OS Name    ; OS Version ; Processor type ;
+---------------------------+------------------+------------+------------+----------------+
; Analysis & Synthesis      ; Thomas-XPS-Win10 ; Windows 10 ; 10.0       ; x86_64         ;
; Fitter                    ; Thomas-XPS-Win10 ; Windows 10 ; 10.0       ; x86_64         ;
; Assembler                 ; Thomas-XPS-Win10 ; Windows 10 ; 10.0       ; x86_64         ;
; TimeQuest Timing Analyzer ; Thomas-XPS-Win10 ; Windows 10 ; 10.0       ; x86_64         ;
+---------------------------+------------------+------------+------------+----------------+


------------
; Flow Log ;
------------
quartus_map --read_settings_files=on --write_settings_files=off Lab7 -c Ver2
quartus_fit --read_settings_files=off --write_settings_files=off Lab7 -c Ver2
quartus_asm --read_settings_files=off --write_settings_files=off Lab7 -c Ver2
quartus_sta Lab7 -c Ver2



